Using pre-set license
Built from '2020.3/staging' branch; Version is '2020.3.5f1 (8095aa901b9b) revision 8426922'; Using compiler version '192528614'; Build Type 'Release'
OS: 'Windows 10 Home Single Language; OS build 19042.1165; Version 2009; 64bit' Language: 'en' Physical Memory: 4002 MB
BatchMode: 1, IsHumanControllingUs: 0, StartBugReporterOnCrash: 0, Is64bit: 1, IsPro: 0

 COMMAND LINE ARGUMENTS:
C:\Program Files\Unity\Hub\Editor\2020.3.5f1\Editor\Unity.exe
-adb2
-batchMode
-noUpm
-name
AssetImportWorker0
-projectPath
C:/Users/GachaBless/Documents/GitHub/YeehawVR
-logFile
Logs/AssetImportWorker0.log
-srvPort
52779
Successfully changed project path to: C:/Users/GachaBless/Documents/GitHub/YeehawVR
C:/Users/GachaBless/Documents/GitHub/YeehawVR
Using Asset Import Pipeline V2.
Refreshing native plugins compatible for Editor in 51.08 ms, found 0 plugins.
Preloading 0 native plugins for Editor in 0.00 ms.
Initialize engine version: 2020.3.5f1 (8095aa901b9b)
[Subsystems] Discovering subsystems at path C:/Program Files/Unity/Hub/Editor/2020.3.5f1/Editor/Data/Resources/UnitySubsystems
[Subsystems] Discovering subsystems at path C:/Users/GachaBless/Documents/GitHub/YeehawVR/Assets
GfxDevice: creating device client; threaded=0
Direct3D:
    Version:  Direct3D 11.0 [level 11.0]
    Renderer: Intel(R) HD Graphics 4000 (ID=0x166)
    Vendor:   
    VRAM:     128 MB
    Driver:   10.18.10.5129
Initialize mono
Mono path[0] = 'C:/Program Files/Unity/Hub/Editor/2020.3.5f1/Editor/Data/Managed'
Mono path[1] = 'C:/Program Files/Unity/Hub/Editor/2020.3.5f1/Editor/Data/MonoBleedingEdge/lib/mono/unityjit'
Mono config path = 'C:/Program Files/Unity/Hub/Editor/2020.3.5f1/Editor/Data/MonoBleedingEdge/etc'
Using monoOptions --debugger-agent=transport=dt_socket,embedding=1,server=y,suspend=n,address=127.0.0.1:56560
Begin MonoManager ReloadAssembly
Registering precompiled unity dll's ...
Register platform support module: C:/Program Files/Unity/Hub/Editor/2020.3.5f1/Editor/Data/PlaybackEngines/WindowsStandaloneSupport/UnityEditor.WindowsStandalone.Extensions.dll
Registered in 0.004825 seconds.
Native extension for WindowsStandalone target not found
Refreshing native plugins compatible for Editor in 143.21 ms, found 0 plugins.
Preloading 0 native plugins for Editor in 0.00 ms.
Mono: successfully reloaded assembly
- Completed reload, in 13.591 seconds
Platform modules already initialized, skipping
Registering precompiled user dll's ...
Registered in 0.001511 seconds.
Begin MonoManager ReloadAssembly
Native extension for WindowsStandalone target not found
Refreshing native plugins compatible for Editor in 0.32 ms, found 0 plugins.
Preloading 0 native plugins for Editor in 0.00 ms.
Mono: successfully reloaded assembly
- Completed reload, in  1.679 seconds
Platform modules already initialized, skipping
========================================================================
Worker process is ready to serve import requests
Launched and connected shader compiler UnityShaderCompiler.exe after 0.15 seconds
Refreshing native plugins compatible for Editor in 0.46 ms, found 0 plugins.
Preloading 0 native plugins for Editor in 0.00 ms.
Unloading 1137 Unused Serialized files (Serialized files now loaded: 0)
System memory in use before: 68.0 MB.
System memory in use after: 68.0 MB.

Unloading 10 unused Assets to reduce memory usage. Loaded Objects now: 1580.
Total: 3.147600 ms (FindLiveObjects: 0.319300 ms CreateObjectMapping: 0.088200 ms MarkObjects: 2.617000 ms  DeleteObjects: 0.119500 ms)

========================================================================
Received Import Request.
  path: Assets/YawVR/Sample/ControlSamples/SimpleOrientationCopy.cs
  artifactKey: Guid(806a962d174e06c479194546618290bb) Importer(815301076,1909f56bfc062723c751e8b465ee728b)
Start importing Assets/YawVR/Sample/ControlSamples/SimpleOrientationCopy.cs using Guid(806a962d174e06c479194546618290bb) Importer(815301076,1909f56bfc062723c751e8b465ee728b)  -> (artifact id: '3c293f4b586c78f395c11b2cf7d3811d') in 0.057692 seconds
  Import took 0.064897 seconds .

========================================================================
Received Prepare
Refreshing native plugins compatible for Editor in 2.49 ms, found 0 plugins.
Preloading 0 native plugins for Editor in 0.00 ms.
Unloading 3 Unused Serialized files (Serialized files now loaded: 0)
System memory in use before: 45.3 MB.
System memory in use after: 45.4 MB.

Unloading 3 unused Assets to reduce memory usage. Loaded Objects now: 1580.
Total: 3.982500 ms (FindLiveObjects: 0.451100 ms CreateObjectMapping: 0.175400 ms MarkObjects: 3.257100 ms  DeleteObjects: 0.095400 ms)

========================================================================
Received Prepare
Registering precompiled user dll's ...
Registered in 0.001110 seconds.
Begin MonoManager ReloadAssembly
Native extension for WindowsStandalone target not found
Refreshing native plugins compatible for Editor in 0.28 ms, found 0 plugins.
Preloading 0 native plugins for Editor in 0.00 ms.
Mono: successfully reloaded assembly
- Completed reload, in  1.264 seconds
Platform modules already initialized, skipping
Refreshing native plugins compatible for Editor in 0.85 ms, found 0 plugins.
Preloading 0 native plugins for Editor in 0.00 ms.
Unloading 1132 Unused Serialized files (Serialized files now loaded: 0)
System memory in use before: 67.9 MB.
System memory in use after: 68.0 MB.

Unloading 5 unused Assets to reduce memory usage. Loaded Objects now: 1583.
Total: 2.132600 ms (FindLiveObjects: 0.175300 ms CreateObjectMapping: 0.072600 ms MarkObjects: 1.795200 ms  DeleteObjects: 0.086800 ms)

========================================================================
Received Prepare
Registering precompiled user dll's ...
Registered in 0.001020 seconds.
Begin MonoManager ReloadAssembly
Native extension for WindowsStandalone target not found
Refreshing native plugins compatible for Editor in 0.28 ms, found 0 plugins.
Preloading 0 native plugins for Editor in 0.00 ms.
Mono: successfully reloaded assembly
- Completed reload, in  1.579 seconds
Platform modules already initialized, skipping
Refreshing native plugins compatible for Editor in 1.21 ms, found 0 plugins.
Preloading 0 native plugins for Editor in 0.00 ms.
Unloading 1132 Unused Serialized files (Serialized files now loaded: 0)
System memory in use before: 67.9 MB.
System memory in use after: 68.0 MB.

Unloading 5 unused Assets to reduce memory usage. Loaded Objects now: 1586.
Total: 4.318600 ms (FindLiveObjects: 0.269600 ms CreateObjectMapping: 0.089000 ms MarkObjects: 3.858100 ms  DeleteObjects: 0.099000 ms)

========================================================================
Received Prepare
Registering precompiled user dll's ...
Registered in 0.001522 seconds.
Begin MonoManager ReloadAssembly
Native extension for WindowsStandalone target not found
Refreshing native plugins compatible for Editor in 0.60 ms, found 0 plugins.
Preloading 0 native plugins for Editor in 0.00 ms.
Mono: successfully reloaded assembly
- Completed reload, in  2.647 seconds
Platform modules already initialized, skipping
Refreshing native plugins compatible for Editor in 0.47 ms, found 0 plugins.
Preloading 0 native plugins for Editor in 0.00 ms.
Unloading 1132 Unused Serialized files (Serialized files now loaded: 0)
System memory in use before: 67.9 MB.
System memory in use after: 68.0 MB.

Unloading 5 unused Assets to reduce memory usage. Loaded Objects now: 1589.
Total: 5.525200 ms (FindLiveObjects: 0.955100 ms CreateObjectMapping: 0.134000 ms MarkObjects: 4.337600 ms  DeleteObjects: 0.094300 ms)

========================================================================
Received Prepare
Registering precompiled user dll's ...
Registered in 0.001018 seconds.
Begin MonoManager ReloadAssembly
Native extension for WindowsStandalone target not found
Refreshing native plugins compatible for Editor in 0.29 ms, found 0 plugins.
Preloading 0 native plugins for Editor in 0.00 ms.
Mono: successfully reloaded assembly
- Completed reload, in  1.408 seconds
Platform modules already initialized, skipping
Refreshing native plugins compatible for Editor in 0.44 ms, found 0 plugins.
Preloading 0 native plugins for Editor in 0.00 ms.
Unloading 1132 Unused Serialized files (Serialized files now loaded: 0)
System memory in use before: 68.0 MB.
System memory in use after: 68.0 MB.

Unloading 5 unused Assets to reduce memory usage. Loaded Objects now: 1592.
Total: 2.402300 ms (FindLiveObjects: 0.203100 ms CreateObjectMapping: 0.110600 ms MarkObjects: 2.015900 ms  DeleteObjects: 0.069100 ms)

========================================================================
Received Prepare
Registering precompiled user dll's ...
Registered in 0.000995 seconds.
Begin MonoManager ReloadAssembly
Native extension for WindowsStandalone target not found
Refreshing native plugins compatible for Editor in 0.29 ms, found 0 plugins.
Preloading 0 native plugins for Editor in 0.00 ms.
Mono: successfully reloaded assembly
- Completed reload, in  1.400 seconds
Platform modules already initialized, skipping
Refreshing native plugins compatible for Editor in 0.45 ms, found 0 plugins.
Preloading 0 native plugins for Editor in 0.00 ms.
Unloading 1132 Unused Serialized files (Serialized files now loaded: 0)
System memory in use before: 68.0 MB.
System memory in use after: 68.0 MB.

Unloading 5 unused Assets to reduce memory usage. Loaded Objects now: 1595.
Total: 2.417200 ms (FindLiveObjects: 0.273800 ms CreateObjectMapping: 0.090300 ms MarkObjects: 1.968300 ms  DeleteObjects: 0.082100 ms)

========================================================================
Received Prepare
Registering precompiled user dll's ...
Registered in 0.001305 seconds.
Begin MonoManager ReloadAssembly
Native extension for WindowsStandalone target not found
Refreshing native plugins compatible for Editor in 0.28 ms, found 0 plugins.
Preloading 0 native plugins for Editor in 0.00 ms.
Mono: successfully reloaded assembly
- Completed reload, in  1.243 seconds
Platform modules already initialized, skipping
Refreshing native plugins compatible for Editor in 0.69 ms, found 0 plugins.
Preloading 0 native plugins for Editor in 0.00 ms.
Unloading 1132 Unused Serialized files (Serialized files now loaded: 0)
System memory in use before: 68.0 MB.
System memory in use after: 68.0 MB.

Unloading 5 unused Assets to reduce memory usage. Loaded Objects now: 1598.
Total: 2.438800 ms (FindLiveObjects: 0.219200 ms CreateObjectMapping: 0.111900 ms MarkObjects: 2.036700 ms  DeleteObjects: 0.069000 ms)

========================================================================
Received Prepare
Registering precompiled user dll's ...
Registered in 0.001002 seconds.
Begin MonoManager ReloadAssembly
Native extension for WindowsStandalone target not found
Refreshing native plugins compatible for Editor in 0.44 ms, found 0 plugins.
Preloading 0 native plugins for Editor in 0.00 ms.
Mono: successfully reloaded assembly
- Completed reload, in  1.395 seconds
Platform modules already initialized, skipping
Refreshing native plugins compatible for Editor in 0.43 ms, found 0 plugins.
Preloading 0 native plugins for Editor in 0.00 ms.
Unloading 1132 Unused Serialized files (Serialized files now loaded: 0)
System memory in use before: 68.0 MB.
System memory in use after: 68.0 MB.

Unloading 5 unused Assets to reduce memory usage. Loaded Objects now: 1601.
Total: 2.522700 ms (FindLiveObjects: 0.177300 ms CreateObjectMapping: 0.056000 ms MarkObjects: 2.188800 ms  DeleteObjects: 0.098200 ms)

========================================================================
Received Prepare
Registering precompiled user dll's ...
Registered in 0.000900 seconds.
Begin MonoManager ReloadAssembly
Native extension for WindowsStandalone target not found
Refreshing native plugins compatible for Editor in 0.29 ms, found 0 plugins.
Preloading 0 native plugins for Editor in 0.00 ms.
Mono: successfully reloaded assembly
- Completed reload, in  1.395 seconds
Platform modules already initialized, skipping
Refreshing native plugins compatible for Editor in 0.47 ms, found 0 plugins.
Preloading 0 native plugins for Editor in 0.00 ms.
Unloading 1132 Unused Serialized files (Serialized files now loaded: 0)
System memory in use before: 68.0 MB.
System memory in use after: 68.1 MB.

Unloading 5 unused Assets to reduce memory usage. Loaded Objects now: 1604.
Total: 3.754000 ms (FindLiveObjects: 0.313400 ms CreateObjectMapping: 0.073800 ms MarkObjects: 3.260700 ms  DeleteObjects: 0.102600 ms)

========================================================================
Received Prepare
Registering precompiled user dll's ...
Registered in 0.001362 seconds.
Begin MonoManager ReloadAssembly
Native extension for WindowsStandalone target not found
Refreshing native plugins compatible for Editor in 0.29 ms, found 0 plugins.
Preloading 0 native plugins for Editor in 0.00 ms.
Mono: successfully reloaded assembly
- Completed reload, in  1.360 seconds
Platform modules already initialized, skipping
Refreshing native plugins compatible for Editor in 0.55 ms, found 0 plugins.
Preloading 0 native plugins for Editor in 0.00 ms.
Unloading 1132 Unused Serialized files (Serialized files now loaded: 0)
System memory in use before: 68.0 MB.
System memory in use after: 68.1 MB.

Unloading 5 unused Assets to reduce memory usage. Loaded Objects now: 1607.
Total: 2.501600 ms (FindLiveObjects: 0.257500 ms CreateObjectMapping: 0.072600 ms MarkObjects: 2.096400 ms  DeleteObjects: 0.072800 ms)

========================================================================
Received Prepare
Registering precompiled user dll's ...
Registered in 0.001351 seconds.
Begin MonoManager ReloadAssembly
Native extension for WindowsStandalone target not found
Refreshing native plugins compatible for Editor in 0.60 ms, found 0 plugins.
Preloading 0 native plugins for Editor in 0.00 ms.
Mono: successfully reloaded assembly
- Completed reload, in  2.057 seconds
Platform modules already initialized, skipping
Refreshing native plugins compatible for Editor in 1.95 ms, found 0 plugins.
Preloading 0 native plugins for Editor in 0.00 ms.
Unloading 1132 Unused Serialized files (Serialized files now loaded: 0)
System memory in use before: 68.0 MB.
System memory in use after: 68.1 MB.

Unloading 5 unused Assets to reduce memory usage. Loaded Objects now: 1610.
Total: 4.560800 ms (FindLiveObjects: 0.318200 ms CreateObjectMapping: 0.119600 ms MarkObjects: 3.824800 ms  DeleteObjects: 0.293900 ms)

========================================================================
Received Prepare
Registering precompiled user dll's ...
Registered in 0.000968 seconds.
Begin MonoManager ReloadAssembly
Native extension for WindowsStandalone target not found
Refreshing native plugins compatible for Editor in 0.45 ms, found 0 plugins.
Preloading 0 native plugins for Editor in 0.00 ms.
Mono: successfully reloaded assembly
- Completed reload, in  1.317 seconds
Platform modules already initialized, skipping
Refreshing native plugins compatible for Editor in 0.43 ms, found 0 plugins.
Preloading 0 native plugins for Editor in 0.00 ms.
Unloading 1132 Unused Serialized files (Serialized files now loaded: 0)
System memory in use before: 68.0 MB.
System memory in use after: 68.1 MB.

Unloading 5 unused Assets to reduce memory usage. Loaded Objects now: 1613.
Total: 2.324200 ms (FindLiveObjects: 0.183700 ms CreateObjectMapping: 0.060700 ms MarkObjects: 2.004000 ms  DeleteObjects: 0.073700 ms)

========================================================================
Received Prepare
Registering precompiled user dll's ...
Registered in 0.000894 seconds.
Begin MonoManager ReloadAssembly
Native extension for WindowsStandalone target not found
Refreshing native plugins compatible for Editor in 0.29 ms, found 0 plugins.
Preloading 0 native plugins for Editor in 0.00 ms.
Mono: successfully reloaded assembly
- Completed reload, in  1.348 seconds
Platform modules already initialized, skipping
Refreshing native plugins compatible for Editor in 0.54 ms, found 0 plugins.
Preloading 0 native plugins for Editor in 0.00 ms.
Unloading 1132 Unused Serialized files (Serialized files now loaded: 0)
System memory in use before: 68.0 MB.
System memory in use after: 68.1 MB.

Unloading 5 unused Assets to reduce memory usage. Loaded Objects now: 1616.
Total: 2.107300 ms (FindLiveObjects: 0.156400 ms CreateObjectMapping: 0.056400 ms MarkObjects: 1.819000 ms  DeleteObjects: 0.073200 ms)

========================================================================
Received Prepare
Registering precompiled user dll's ...
Registered in 0.001296 seconds.
Begin MonoManager ReloadAssembly
Native extension for WindowsStandalone target not found
Refreshing native plugins compatible for Editor in 0.40 ms, found 0 plugins.
Preloading 0 native plugins for Editor in 0.00 ms.
Mono: successfully reloaded assembly
- Completed reload, in  1.318 seconds
Platform modules already initialized, skipping
Refreshing native plugins compatible for Editor in 0.44 ms, found 0 plugins.
Preloading 0 native plugins for Editor in 0.00 ms.
Unloading 1132 Unused Serialized files (Serialized files now loaded: 0)
System memory in use before: 68.0 MB.
System memory in use after: 68.1 MB.

Unloading 5 unused Assets to reduce memory usage. Loaded Objects now: 1619.
Total: 2.642600 ms (FindLiveObjects: 0.348100 ms CreateObjectMapping: 0.137400 ms MarkObjects: 2.064800 ms  DeleteObjects: 0.089400 ms)

========================================================================
Received Prepare
Registering precompiled user dll's ...
Registered in 0.000970 seconds.
Begin MonoManager ReloadAssembly
Native extension for WindowsStandalone target not found
Refreshing native plugins compatible for Editor in 0.49 ms, found 0 plugins.
Preloading 0 native plugins for Editor in 0.00 ms.
Mono: successfully reloaded assembly
- Completed reload, in  1.376 seconds
Platform modules already initialized, skipping
Refreshing native plugins compatible for Editor in 0.42 ms, found 0 plugins.
Preloading 0 native plugins for Editor in 0.00 ms.
Unloading 1132 Unused Serialized files (Serialized files now loaded: 0)
System memory in use before: 68.0 MB.
System memory in use after: 68.1 MB.

Unloading 5 unused Assets to reduce memory usage. Loaded Objects now: 1622.
Total: 2.179900 ms (FindLiveObjects: 0.209300 ms CreateObjectMapping: 0.055900 ms MarkObjects: 1.842100 ms  DeleteObjects: 0.070000 ms)

========================================================================
Received Prepare
Registering precompiled user dll's ...
Registered in 0.001014 seconds.
Begin MonoManager ReloadAssembly
Native extension for WindowsStandalone target not found
Refreshing native plugins compatible for Editor in 0.36 ms, found 0 plugins.
Preloading 0 native plugins for Editor in 0.00 ms.
Mono: successfully reloaded assembly
- Completed reload, in  1.185 seconds
Platform modules already initialized, skipping
Refreshing native plugins compatible for Editor in 0.46 ms, found 0 plugins.
Preloading 0 native plugins for Editor in 0.00 ms.
Unloading 1132 Unused Serialized files (Serialized files now loaded: 0)
System memory in use before: 68.0 MB.
System memory in use after: 68.1 MB.

Unloading 5 unused Assets to reduce memory usage. Loaded Objects now: 1625.
Total: 2.253200 ms (FindLiveObjects: 0.165400 ms CreateObjectMapping: 0.055200 ms MarkObjects: 1.952100 ms  DeleteObjects: 0.078400 ms)

========================================================================
Received Import Request.
  Time since last request: 1032.607182 seconds.
  path: Assets/YawVR/YAWVR_Model/Materials/metal.mat
  artifactKey: Guid(2a49c61d8089efc4a89c78f193b77018) Importer(815301076,1909f56bfc062723c751e8b465ee728b)
Start importing Assets/YawVR/YAWVR_Model/Materials/metal.mat using Guid(2a49c61d8089efc4a89c78f193b77018) Importer(815301076,1909f56bfc062723c751e8b465ee728b)  -> (artifact id: '251f3a6e6ede1e0f5d8b6807edfe7948') in 0.240805 seconds
  Import took 0.246735 seconds .

========================================================================
Received Import Request.
  Time since last request: 0.000616 seconds.
  path: Assets/YawVR/Materials/Plane.mat
  artifactKey: Guid(e77a07ce32f058040afaba6b30cec07e) Importer(815301076,1909f56bfc062723c751e8b465ee728b)
Start importing Assets/YawVR/Materials/Plane.mat using Guid(e77a07ce32f058040afaba6b30cec07e) Importer(815301076,1909f56bfc062723c751e8b465ee728b)  -> (artifact id: '80c99163e38c3308b54a70e37298e431') in 0.047694 seconds
  Import took 0.052254 seconds .

========================================================================
Received Import Request.
  Time since last request: 0.000405 seconds.
  path: Assets/YawVR/YAWVR_Model/Materials/topgrey.mat
  artifactKey: Guid(8ed90e3671fb97b408d66630f9965415) Importer(815301076,1909f56bfc062723c751e8b465ee728b)
Start importing Assets/YawVR/YAWVR_Model/Materials/topgrey.mat using Guid(8ed90e3671fb97b408d66630f9965415) Importer(815301076,1909f56bfc062723c751e8b465ee728b)  -> (artifact id: '5c263a2be9d4f86338d158d3252d710f') in 0.058516 seconds
  Import took 0.064606 seconds .

========================================================================
Received Import Request.
  Time since last request: 0.000315 seconds.
  path: Assets/YawVR/Sample/Arcade_Car_Physics/Models/Wheel01.obj
  artifactKey: Guid(ee0bb8960b2b94c55ad6df393c84a17c) Importer(815301076,1909f56bfc062723c751e8b465ee728b)
Start importing Assets/YawVR/Sample/Arcade_Car_Physics/Models/Wheel01.obj using Guid(ee0bb8960b2b94c55ad6df393c84a17c) Importer(815301076,1909f56bfc062723c751e8b465ee728b)  -> (artifact id: 'efdd54080586643857d301cd4a54e9de') in 0.215764 seconds
  Import took 0.220168 seconds .

========================================================================
Received Import Request.
  Time since last request: 0.000286 seconds.
  path: Assets/YawVR/Sample/Arcade_Car_Physics/Models/Car01.obj
  artifactKey: Guid(57d23153e8a364f379241122438b5cc2) Importer(815301076,1909f56bfc062723c751e8b465ee728b)
Start importing Assets/YawVR/Sample/Arcade_Car_Physics/Models/Car01.obj using Guid(57d23153e8a364f379241122438b5cc2) Importer(815301076,1909f56bfc062723c751e8b465ee728b)  -> (artifact id: '4a5c52adacd92509a9a843be1746ec6b') in 0.319171 seconds
  Import took 0.325591 seconds .

========================================================================
Received Prepare
Registering precompiled user dll's ...
Registered in 0.000994 seconds.
Begin MonoManager ReloadAssembly
Native extension for WindowsStandalone target not found
Refreshing native plugins compatible for Editor in 0.30 ms, found 0 plugins.
Preloading 0 native plugins for Editor in 0.00 ms.
Mono: successfully reloaded assembly
- Completed reload, in  1.362 seconds
Platform modules already initialized, skipping
Refreshing native plugins compatible for Editor in 0.65 ms, found 0 plugins.
Preloading 0 native plugins for Editor in 0.00 ms.
Unloading 1132 Unused Serialized files (Serialized files now loaded: 0)
System memory in use before: 71.5 MB.
System memory in use after: 71.6 MB.

Unloading 5 unused Assets to reduce memory usage. Loaded Objects now: 1671.
Total: 3.230700 ms (FindLiveObjects: 0.302000 ms CreateObjectMapping: 0.097400 ms MarkObjects: 2.738700 ms  DeleteObjects: 0.089900 ms)

========================================================================
Received Prepare
Registering precompiled user dll's ...
Registered in 0.001473 seconds.
Begin MonoManager ReloadAssembly
Native extension for WindowsStandalone target not found
Refreshing native plugins compatible for Editor in 0.29 ms, found 0 plugins.
Preloading 0 native plugins for Editor in 0.00 ms.
Mono: successfully reloaded assembly
- Completed reload, in  1.307 seconds
Platform modules already initialized, skipping
Refreshing native plugins compatible for Editor in 0.46 ms, found 0 plugins.
Preloading 0 native plugins for Editor in 0.00 ms.
Unloading 1132 Unused Serialized files (Serialized files now loaded: 0)
System memory in use before: 71.5 MB.
System memory in use after: 71.6 MB.

Unloading 5 unused Assets to reduce memory usage. Loaded Objects now: 1674.
Total: 2.739900 ms (FindLiveObjects: 0.238200 ms CreateObjectMapping: 0.074700 ms MarkObjects: 2.330400 ms  DeleteObjects: 0.093800 ms)

========================================================================
Received Import Request.
  Time since last request: 314.833408 seconds.
  path: Assets/YawVR/YAWVR_Model/Materials/green.mat
  artifactKey: Guid(42e002c691ebad244aaac6c30235bd51) Importer(815301076,1909f56bfc062723c751e8b465ee728b)
Start importing Assets/YawVR/YAWVR_Model/Materials/green.mat using Guid(42e002c691ebad244aaac6c30235bd51) Importer(815301076,1909f56bfc062723c751e8b465ee728b)  -> (artifact id: 'd28455d6f5538ba0e3a29105819f56af') in 0.141503 seconds
  Import took 0.146957 seconds .

========================================================================
Received Import Request.
  Time since last request: 0.282213 seconds.
  path: Assets/YawVR/YAWVR_Model/Materials/bottom.mat
  artifactKey: Guid(b5f171894848798438f3296a243d1964) Importer(815301076,1909f56bfc062723c751e8b465ee728b)
Start importing Assets/YawVR/YAWVR_Model/Materials/bottom.mat using Guid(b5f171894848798438f3296a243d1964) Importer(815301076,1909f56bfc062723c751e8b465ee728b)  -> (artifact id: 'fc703c3b4161a17311b43b3a8095c3f3') in 0.050502 seconds
  Import took 0.055041 seconds .

========================================================================
Received Import Request.
  Time since last request: 0.003086 seconds.
  path: Assets/YawVR/YAWVR_Model/Materials/bottom.mat
  artifactKey: Guid(b5f171894848798438f3296a243d1964) Importer(815301076,1909f56bfc062723c751e8b465ee728b)
Start importing Assets/YawVR/YAWVR_Model/Materials/bottom.mat using Guid(b5f171894848798438f3296a243d1964) Importer(815301076,1909f56bfc062723c751e8b465ee728b)  -> (artifact id: 'fc703c3b4161a17311b43b3a8095c3f3') in 0.027909 seconds
  Import took 0.035978 seconds .

========================================================================
Received Prepare
Registering precompiled user dll's ...
Registered in 0.000986 seconds.
Begin MonoManager ReloadAssembly
Native extension for WindowsStandalone target not found
Refreshing native plugins compatible for Editor in 0.32 ms, found 0 plugins.
Preloading 0 native plugins for Editor in 0.00 ms.
Mono: successfully reloaded assembly
- Completed reload, in  1.201 seconds
Platform modules already initialized, skipping
Refreshing native plugins compatible for Editor in 0.43 ms, found 0 plugins.
Preloading 0 native plugins for Editor in 0.00 ms.
Unloading 1132 Unused Serialized files (Serialized files now loaded: 0)
System memory in use before: 71.5 MB.
System memory in use after: 71.6 MB.

Unloading 5 unused Assets to reduce memory usage. Loaded Objects now: 1678.
Total: 2.233300 ms (FindLiveObjects: 0.173500 ms CreateObjectMapping: 0.051800 ms MarkObjects: 1.937200 ms  DeleteObjects: 0.068900 ms)

========================================================================
Received Prepare
Registering precompiled user dll's ...
Registered in 0.001032 seconds.
Begin MonoManager ReloadAssembly
Native extension for WindowsStandalone target not found
Refreshing native plugins compatible for Editor in 0.28 ms, found 0 plugins.
Preloading 0 native plugins for Editor in 0.00 ms.
Mono: successfully reloaded assembly
- Completed reload, in  1.444 seconds
Platform modules already initialized, skipping
Refreshing native plugins compatible for Editor in 0.43 ms, found 0 plugins.
Preloading 0 native plugins for Editor in 0.00 ms.
Unloading 1132 Unused Serialized files (Serialized files now loaded: 0)
System memory in use before: 71.5 MB.
System memory in use after: 71.6 MB.

Unloading 5 unused Assets to reduce memory usage. Loaded Objects now: 1681.
Total: 2.148300 ms (FindLiveObjects: 0.166100 ms CreateObjectMapping: 0.055500 ms MarkObjects: 1.854700 ms  DeleteObjects: 0.070000 ms)

========================================================================
Received Prepare
Registering precompiled user dll's ...
Registered in 0.001016 seconds.
Begin MonoManager ReloadAssembly
Native extension for WindowsStandalone target not found
Refreshing native plugins compatible for Editor in 0.29 ms, found 0 plugins.
Preloading 0 native plugins for Editor in 0.00 ms.
Mono: successfully reloaded assembly
- Completed reload, in  1.204 seconds
Platform modules already initialized, skipping
Refreshing native plugins compatible for Editor in 0.45 ms, found 0 plugins.
Preloading 0 native plugins for Editor in 0.00 ms.
Unloading 1132 Unused Serialized files (Serialized files now loaded: 0)
System memory in use before: 71.5 MB.
System memory in use after: 71.6 MB.

Unloading 5 unused Assets to reduce memory usage. Loaded Objects now: 1684.
Total: 2.197300 ms (FindLiveObjects: 0.214300 ms CreateObjectMapping: 0.060100 ms MarkObjects: 1.850200 ms  DeleteObjects: 0.070800 ms)

========================================================================
Received Prepare
Registering precompiled user dll's ...
Registered in 0.001761 seconds.
Begin MonoManager ReloadAssembly
Native extension for WindowsStandalone target not found
Refreshing native plugins compatible for Editor in 0.71 ms, found 0 plugins.
Preloading 0 native plugins for Editor in 0.00 ms.
Mono: successfully reloaded assembly
- Completed reload, in  1.333 seconds
Platform modules already initialized, skipping
Refreshing native plugins compatible for Editor in 0.45 ms, found 0 plugins.
Preloading 0 native plugins for Editor in 0.00 ms.
Unloading 1132 Unused Serialized files (Serialized files now loaded: 0)
System memory in use before: 71.5 MB.
System memory in use after: 71.6 MB.

Unloading 5 unused Assets to reduce memory usage. Loaded Objects now: 1687.
Total: 2.887000 ms (FindLiveObjects: 0.222900 ms CreateObjectMapping: 0.068800 ms MarkObjects: 2.502700 ms  DeleteObjects: 0.090200 ms)

========================================================================
Received Prepare
Registering precompiled user dll's ...
Registered in 0.004109 seconds.
Begin MonoManager ReloadAssembly
Native extension for WindowsStandalone target not found
Refreshing native plugins compatible for Editor in 0.42 ms, found 0 plugins.
Preloading 0 native plugins for Editor in 0.00 ms.
Mono: successfully reloaded assembly
- Completed reload, in  1.426 seconds
Platform modules already initialized, skipping
Refreshing native plugins compatible for Editor in 0.46 ms, found 0 plugins.
Preloading 0 native plugins for Editor in 0.00 ms.
Unloading 1132 Unused Serialized files (Serialized files now loaded: 0)
System memory in use before: 71.5 MB.
System memory in use after: 71.6 MB.

Unloading 5 unused Assets to reduce memory usage. Loaded Objects now: 1690.
Total: 2.423200 ms (FindLiveObjects: 0.369900 ms CreateObjectMapping: 0.059800 ms MarkObjects: 1.911400 ms  DeleteObjects: 0.077900 ms)

========================================================================
Received Prepare
Registering precompiled user dll's ...
Registered in 0.000989 seconds.
Begin MonoManager ReloadAssembly
Native extension for WindowsStandalone target not found
Refreshing native plugins compatible for Editor in 0.38 ms, found 0 plugins.
Preloading 0 native plugins for Editor in 0.00 ms.
Mono: successfully reloaded assembly
- Completed reload, in  1.359 seconds
Platform modules already initialized, skipping
Refreshing native plugins compatible for Editor in 2.47 ms, found 0 plugins.
Preloading 0 native plugins for Editor in 0.00 ms.
Unloading 1132 Unused Serialized files (Serialized files now loaded: 0)
System memory in use before: 71.6 MB.
System memory in use after: 71.6 MB.

Unloading 5 unused Assets to reduce memory usage. Loaded Objects now: 1693.
Total: 4.637900 ms (FindLiveObjects: 0.654600 ms CreateObjectMapping: 0.120100 ms MarkObjects: 3.767100 ms  DeleteObjects: 0.093200 ms)

========================================================================
Received Prepare
Registering precompiled user dll's ...
Registered in 0.001022 seconds.
Begin MonoManager ReloadAssembly
Native extension for WindowsStandalone target not found
Refreshing native plugins compatible for Editor in 0.36 ms, found 0 plugins.
Preloading 0 native plugins for Editor in 0.00 ms.
Mono: successfully reloaded assembly
- Completed reload, in  1.595 seconds
Platform modules already initialized, skipping
Refreshing native plugins compatible for Editor in 0.42 ms, found 0 plugins.
Preloading 0 native plugins for Editor in 0.00 ms.
Unloading 1132 Unused Serialized files (Serialized files now loaded: 0)
System memory in use before: 71.6 MB.
System memory in use after: 71.6 MB.

Unloading 5 unused Assets to reduce memory usage. Loaded Objects now: 1696.
Total: 2.202800 ms (FindLiveObjects: 0.241700 ms CreateObjectMapping: 0.053100 ms MarkObjects: 1.834000 ms  DeleteObjects: 0.071700 ms)

========================================================================
Received Import Request.
  Time since last request: 898.700536 seconds.
  path: Assets/Tree.prefab
  artifactKey: Guid(9e35717c46d900b4f908cc4857fafc76) Importer(815301076,1909f56bfc062723c751e8b465ee728b)
Start importing Assets/Tree.prefab using Guid(9e35717c46d900b4f908cc4857fafc76) Importer(815301076,1909f56bfc062723c751e8b465ee728b)  -> (artifact id: 'ed713cd8fb15e903c39517e7bffc88c0') in 0.672875 seconds
  Import took 0.678570 seconds .

========================================================================
Received Prepare
Registering precompiled user dll's ...
Registered in 0.001213 seconds.
Begin MonoManager ReloadAssembly
Native extension for WindowsStandalone target not found
Refreshing native plugins compatible for Editor in 0.28 ms, found 0 plugins.
Preloading 0 native plugins for Editor in 0.00 ms.
Mono: successfully reloaded assembly
- Completed reload, in  1.187 seconds
Platform modules already initialized, skipping
Refreshing native plugins compatible for Editor in 0.43 ms, found 0 plugins.
Preloading 0 native plugins for Editor in 0.00 ms.
Unloading 1132 Unused Serialized files (Serialized files now loaded: 0)
System memory in use before: 72.0 MB.
System memory in use after: 72.1 MB.

Unloading 5 unused Assets to reduce memory usage. Loaded Objects now: 1704.
Total: 3.118500 ms (FindLiveObjects: 0.277000 ms CreateObjectMapping: 0.071200 ms MarkObjects: 2.683300 ms  DeleteObjects: 0.084400 ms)

========================================================================
Received Import Request.
  Time since last request: 215.161449 seconds.
  path: Assets/New Terrain.asset
  artifactKey: Guid(d4a1955c8c190f649a967cf028629c93) Importer(815301076,1909f56bfc062723c751e8b465ee728b)
Start importing Assets/New Terrain.asset using Guid(d4a1955c8c190f649a967cf028629c93) Importer(815301076,1909f56bfc062723c751e8b465ee728b)  -> (artifact id: '830178cdcb011a054c340b8a09154279') in 0.351361 seconds
  Import took 0.358164 seconds .

========================================================================
Received Import Request.
  Time since last request: 150.437896 seconds.
  path: Assets/Tree 1.prefab
  artifactKey: Guid(169f0758cc51ca3428177ca39d3568c9) Importer(815301076,1909f56bfc062723c751e8b465ee728b)
Start importing Assets/Tree 1.prefab using Guid(169f0758cc51ca3428177ca39d3568c9) Importer(815301076,1909f56bfc062723c751e8b465ee728b)  -> (artifact id: 'e6dad7c4c3cea6ec364f55b5eba03fa7') in 0.193994 seconds
  Import took 0.197940 seconds .

========================================================================
Received Import Request.
  Time since last request: 29.308260 seconds.
  path: Assets/Tree 1.prefab
  artifactKey: Guid(169f0758cc51ca3428177ca39d3568c9) Importer(815301076,1909f56bfc062723c751e8b465ee728b)
Start importing Assets/Tree 1.prefab using Guid(169f0758cc51ca3428177ca39d3568c9) Importer(815301076,1909f56bfc062723c751e8b465ee728b)  -> (artifact id: '5d7c821602467e30e7e3cd10d8ae4ba8') in 0.077509 seconds
  Import took 0.082309 seconds .

========================================================================
Received Import Request.
  Time since last request: 25.496682 seconds.
  path: Assets/Tree 1.prefab
  artifactKey: Guid(169f0758cc51ca3428177ca39d3568c9) Importer(815301076,1909f56bfc062723c751e8b465ee728b)
Start importing Assets/Tree 1.prefab using Guid(169f0758cc51ca3428177ca39d3568c9) Importer(815301076,1909f56bfc062723c751e8b465ee728b)  -> (artifact id: 'e4fd3462857630700e9f341dd83b7892') in 0.064231 seconds
  Import took 0.068874 seconds .

========================================================================
Received Import Request.
  Time since last request: 84.842879 seconds.
  path: Assets/Tree 1.prefab
  artifactKey: Guid(169f0758cc51ca3428177ca39d3568c9) Importer(815301076,1909f56bfc062723c751e8b465ee728b)
Start importing Assets/Tree 1.prefab using Guid(169f0758cc51ca3428177ca39d3568c9) Importer(815301076,1909f56bfc062723c751e8b465ee728b)  -> (artifact id: 'c163f30c528b1efeec6750edce3c2d41') in 0.063251 seconds
  Import took 0.068337 seconds .

========================================================================
Received Import Request.
  Time since last request: 30.365273 seconds.
  path: Assets/Tree 1.prefab
  artifactKey: Guid(169f0758cc51ca3428177ca39d3568c9) Importer(815301076,1909f56bfc062723c751e8b465ee728b)
Start importing Assets/Tree 1.prefab using Guid(169f0758cc51ca3428177ca39d3568c9) Importer(815301076,1909f56bfc062723c751e8b465ee728b)  -> (artifact id: '7e5468d4d5219bc867128d3351ae537e') in 0.061613 seconds
  Import took 0.065776 seconds .

========================================================================
Received Import Request.
  Time since last request: 40.829543 seconds.
  path: Assets/Tree 1.prefab
  artifactKey: Guid(169f0758cc51ca3428177ca39d3568c9) Importer(815301076,1909f56bfc062723c751e8b465ee728b)
Start importing Assets/Tree 1.prefab using Guid(169f0758cc51ca3428177ca39d3568c9) Importer(815301076,1909f56bfc062723c751e8b465ee728b)  -> (artifact id: '35083da2c516930a74bc046984b792e4') in 0.064703 seconds
  Import took 0.069091 seconds .

========================================================================
Received Import Request.
  Time since last request: 61.944140 seconds.
  path: Assets/Tree 1.prefab
  artifactKey: Guid(169f0758cc51ca3428177ca39d3568c9) Importer(815301076,1909f56bfc062723c751e8b465ee728b)
Start importing Assets/Tree 1.prefab using Guid(169f0758cc51ca3428177ca39d3568c9) Importer(815301076,1909f56bfc062723c751e8b465ee728b)  -> (artifact id: '4f2595abb096f1c881541798300380b1') in 0.072046 seconds
  Import took 0.077255 seconds .

========================================================================
Received Prepare
Registering precompiled user dll's ...
Registered in 0.001571 seconds.
Begin MonoManager ReloadAssembly
Native extension for WindowsStandalone target not found
Refreshing native plugins compatible for Editor in 0.29 ms, found 0 plugins.
Preloading 0 native plugins for Editor in 0.00 ms.
Mono: successfully reloaded assembly
- Completed reload, in  1.296 seconds
Platform modules already initialized, skipping
Refreshing native plugins compatible for Editor in 0.52 ms, found 0 plugins.
Preloading 0 native plugins for Editor in 0.00 ms.
Unloading 1132 Unused Serialized files (Serialized files now loaded: 0)
System memory in use before: 72.9 MB.
System memory in use after: 72.4 MB.

Unloading 7 unused Assets to reduce memory usage. Loaded Objects now: 1709.
Total: 3.057600 ms (FindLiveObjects: 0.283100 ms CreateObjectMapping: 0.073800 ms MarkObjects: 2.038600 ms  DeleteObjects: 0.659600 ms)

========================================================================
Received Import Request.
  Time since last request: 192.050802 seconds.
  path: Assets/Tree 1.prefab
  artifactKey: Guid(169f0758cc51ca3428177ca39d3568c9) Importer(815301076,1909f56bfc062723c751e8b465ee728b)
Start importing Assets/Tree 1.prefab using Guid(169f0758cc51ca3428177ca39d3568c9) Importer(815301076,1909f56bfc062723c751e8b465ee728b)  -> (artifact id: '3f4e5140a50a1942ae3725614ba36dd6') in 0.171322 seconds
  Import took 0.174723 seconds .

========================================================================
Received Import Request.
  Time since last request: 1.226288 seconds.
  path: Assets/Tree 1.prefab
  artifactKey: Guid(169f0758cc51ca3428177ca39d3568c9) Importer(815301076,1909f56bfc062723c751e8b465ee728b)
Start importing Assets/Tree 1.prefab using Guid(169f0758cc51ca3428177ca39d3568c9) Importer(815301076,1909f56bfc062723c751e8b465ee728b)  -> (artifact id: '94385008c5d2f4c8a79869e7777d2593') in 0.059895 seconds
  Import took 0.065042 seconds .

========================================================================
Received Import Request.
  Time since last request: 0.236805 seconds.
  path: Assets/Tree 1.prefab
  artifactKey: Guid(169f0758cc51ca3428177ca39d3568c9) Importer(815301076,1909f56bfc062723c751e8b465ee728b)
Start importing Assets/Tree 1.prefab using Guid(169f0758cc51ca3428177ca39d3568c9) Importer(815301076,1909f56bfc062723c751e8b465ee728b)  -> (artifact id: '3f7a9799d810127920b64fad23b2fb73') in 0.061410 seconds
  Import took 0.065095 seconds .

========================================================================
Received Import Request.
  Time since last request: 19.952419 seconds.
  path: Assets/Tree 1.prefab
  artifactKey: Guid(169f0758cc51ca3428177ca39d3568c9) Importer(815301076,1909f56bfc062723c751e8b465ee728b)
Start importing Assets/Tree 1.prefab using Guid(169f0758cc51ca3428177ca39d3568c9) Importer(815301076,1909f56bfc062723c751e8b465ee728b)  -> (artifact id: '48b233ab1eaaf15f450558085203b6d0') in 0.060840 seconds
  Import took 0.064791 seconds .

========================================================================
Received Import Request.
  Time since last request: 12.213496 seconds.
  path: Assets/Tree 1.prefab
  artifactKey: Guid(169f0758cc51ca3428177ca39d3568c9) Importer(815301076,1909f56bfc062723c751e8b465ee728b)
Start importing Assets/Tree 1.prefab using Guid(169f0758cc51ca3428177ca39d3568c9) Importer(815301076,1909f56bfc062723c751e8b465ee728b)  -> (artifact id: '58e25d49b6ccaef2ed5347cbb1dd5c54') in 0.061559 seconds
  Import took 0.065773 seconds .

========================================================================
Received Import Request.
  Time since last request: 0.457994 seconds.
  path: Assets/Tree 1.prefab
  artifactKey: Guid(169f0758cc51ca3428177ca39d3568c9) Importer(815301076,1909f56bfc062723c751e8b465ee728b)
Start importing Assets/Tree 1.prefab using Guid(169f0758cc51ca3428177ca39d3568c9) Importer(815301076,1909f56bfc062723c751e8b465ee728b)  -> (artifact id: 'd7156b56fb5d90358b5eeb107234f673') in 0.057511 seconds
  Import took 0.061298 seconds .

========================================================================
Received Import Request.
  Time since last request: 40.521333 seconds.
  path: Assets/Tree 1.prefab
  artifactKey: Guid(169f0758cc51ca3428177ca39d3568c9) Importer(815301076,1909f56bfc062723c751e8b465ee728b)
Start importing Assets/Tree 1.prefab using Guid(169f0758cc51ca3428177ca39d3568c9) Importer(815301076,1909f56bfc062723c751e8b465ee728b)  -> (artifact id: 'daeee8d5adce517a5ca3f8d2b141e81b') in 0.059571 seconds
  Import took 0.064066 seconds .

========================================================================
Received Import Request.
  Time since last request: 13.997573 seconds.
  path: Assets/Tree 1.prefab
  artifactKey: Guid(169f0758cc51ca3428177ca39d3568c9) Importer(815301076,1909f56bfc062723c751e8b465ee728b)
Start importing Assets/Tree 1.prefab using Guid(169f0758cc51ca3428177ca39d3568c9) Importer(815301076,1909f56bfc062723c751e8b465ee728b)  -> (artifact id: '4a60b1e02f3d215dc94b523baacefb82') in 0.060738 seconds
  Import took 0.064238 seconds .

========================================================================
Received Import Request.
  Time since last request: 4.377994 seconds.
  path: Assets/Tree 1.prefab
  artifactKey: Guid(169f0758cc51ca3428177ca39d3568c9) Importer(815301076,1909f56bfc062723c751e8b465ee728b)
Start importing Assets/Tree 1.prefab using Guid(169f0758cc51ca3428177ca39d3568c9) Importer(815301076,1909f56bfc062723c751e8b465ee728b)  -> (artifact id: 'febd023903609a2ce0f1fce87271809c') in 0.062371 seconds
  Import took 0.066774 seconds .

========================================================================
Received Import Request.
  Time since last request: 2.591243 seconds.
  path: Assets/Tree 1.prefab
  artifactKey: Guid(169f0758cc51ca3428177ca39d3568c9) Importer(815301076,1909f56bfc062723c751e8b465ee728b)
Start importing Assets/Tree 1.prefab using Guid(169f0758cc51ca3428177ca39d3568c9) Importer(815301076,1909f56bfc062723c751e8b465ee728b)  -> (artifact id: '514086b2deb1542f172d07ef4ba487b5') in 0.063612 seconds
  Import took 0.067477 seconds .

========================================================================
Received Import Request.
  Time since last request: 13.005358 seconds.
  path: Assets/Tree 1.prefab
  artifactKey: Guid(169f0758cc51ca3428177ca39d3568c9) Importer(815301076,1909f56bfc062723c751e8b465ee728b)
Start importing Assets/Tree 1.prefab using Guid(169f0758cc51ca3428177ca39d3568c9) Importer(815301076,1909f56bfc062723c751e8b465ee728b)  -> (artifact id: '0c21ec1a89599eeb612f1ea5bbba446f') in 0.066812 seconds
  Import took 0.070676 seconds .

========================================================================
Received Import Request.
  Time since last request: 2.256189 seconds.
  path: Assets/Tree 1.prefab
  artifactKey: Guid(169f0758cc51ca3428177ca39d3568c9) Importer(815301076,1909f56bfc062723c751e8b465ee728b)
Start importing Assets/Tree 1.prefab using Guid(169f0758cc51ca3428177ca39d3568c9) Importer(815301076,1909f56bfc062723c751e8b465ee728b)  -> (artifact id: 'af469b0bbfdbc3626b673c59cef66be3') in 0.064998 seconds
  Import took 0.069664 seconds .

========================================================================
Received Import Request.
  Time since last request: 2.077328 seconds.
  path: Assets/Tree 1.prefab
  artifactKey: Guid(169f0758cc51ca3428177ca39d3568c9) Importer(815301076,1909f56bfc062723c751e8b465ee728b)
Start importing Assets/Tree 1.prefab using Guid(169f0758cc51ca3428177ca39d3568c9) Importer(815301076,1909f56bfc062723c751e8b465ee728b)  -> (artifact id: '40367c83890fee38116e5e6c0417f9f0') in 0.063475 seconds
  Import took 0.068234 seconds .

========================================================================
Received Import Request.
  Time since last request: 5.772268 seconds.
  path: Assets/Tree 1.prefab
  artifactKey: Guid(169f0758cc51ca3428177ca39d3568c9) Importer(815301076,1909f56bfc062723c751e8b465ee728b)
Start importing Assets/Tree 1.prefab using Guid(169f0758cc51ca3428177ca39d3568c9) Importer(815301076,1909f56bfc062723c751e8b465ee728b)  -> (artifact id: 'a754948ee25be801a52cf700cdeedbcc') in 0.060085 seconds
  Import took 0.063803 seconds .

========================================================================
Received Prepare
Registering precompiled user dll's ...
Registered in 0.003162 seconds.
Begin MonoManager ReloadAssembly
Native extension for WindowsStandalone target not found
Refreshing native plugins compatible for Editor in 0.29 ms, found 0 plugins.
Preloading 0 native plugins for Editor in 0.00 ms.
Mono: successfully reloaded assembly
- Completed reload, in  1.160 seconds
Platform modules already initialized, skipping
Refreshing native plugins compatible for Editor in 0.46 ms, found 0 plugins.
Preloading 0 native plugins for Editor in 0.00 ms.
Unloading 1132 Unused Serialized files (Serialized files now loaded: 0)
System memory in use before: 72.4 MB.
System memory in use after: 72.5 MB.

Unloading 5 unused Assets to reduce memory usage. Loaded Objects now: 1713.
Total: 2.413900 ms (FindLiveObjects: 0.307800 ms CreateObjectMapping: 0.097500 ms MarkObjects: 1.932600 ms  DeleteObjects: 0.074000 ms)

========================================================================
Received Prepare
Registering precompiled user dll's ...
Registered in 0.000967 seconds.
Begin MonoManager ReloadAssembly
Native extension for WindowsStandalone target not found
Refreshing native plugins compatible for Editor in 0.29 ms, found 0 plugins.
Preloading 0 native plugins for Editor in 0.00 ms.
Mono: successfully reloaded assembly
- Completed reload, in  1.334 seconds
Platform modules already initialized, skipping
Refreshing native plugins compatible for Editor in 0.44 ms, found 0 plugins.
Preloading 0 native plugins for Editor in 0.00 ms.
Unloading 1132 Unused Serialized files (Serialized files now loaded: 0)
System memory in use before: 72.4 MB.
System memory in use after: 72.5 MB.

Unloading 5 unused Assets to reduce memory usage. Loaded Objects now: 1716.
Total: 3.383400 ms (FindLiveObjects: 0.283600 ms CreateObjectMapping: 0.073000 ms MarkObjects: 2.925500 ms  DeleteObjects: 0.098600 ms)

========================================================================
Received Import Request.
  Time since last request: 739.746549 seconds.
  path: Assets/YawVR/Sample/ControlSamples/VelocityController.cs
  artifactKey: Guid(61a344db464344842aaabeec0d8dfdf7) Importer(815301076,1909f56bfc062723c751e8b465ee728b)
Start importing Assets/YawVR/Sample/ControlSamples/VelocityController.cs using Guid(61a344db464344842aaabeec0d8dfdf7) Importer(815301076,1909f56bfc062723c751e8b465ee728b)  -> (artifact id: 'e22b54665736da1a0ba24e382c6a5a8f') in 0.016774 seconds
  Import took 0.021680 seconds .

========================================================================
Received Prepare
Registering precompiled user dll's ...
Registered in 0.001797 seconds.
Begin MonoManager ReloadAssembly
Native extension for WindowsStandalone target not found
Refreshing native plugins compatible for Editor in 0.28 ms, found 0 plugins.
Preloading 0 native plugins for Editor in 0.00 ms.
Mono: successfully reloaded assembly
- Completed reload, in  2.264 seconds
Platform modules already initialized, skipping
Refreshing native plugins compatible for Editor in 0.43 ms, found 0 plugins.
Preloading 0 native plugins for Editor in 0.00 ms.
Unloading 1132 Unused Serialized files (Serialized files now loaded: 0)
System memory in use before: 72.4 MB.
System memory in use after: 72.5 MB.

Unloading 5 unused Assets to reduce memory usage. Loaded Objects now: 1719.
Total: 2.873300 ms (FindLiveObjects: 0.238600 ms CreateObjectMapping: 0.056200 ms MarkObjects: 1.863100 ms  DeleteObjects: 0.713400 ms)

========================================================================
Received Prepare
Registering precompiled user dll's ...
Registered in 0.001281 seconds.
Begin MonoManager ReloadAssembly
Native extension for WindowsStandalone target not found
Refreshing native plugins compatible for Editor in 0.34 ms, found 0 plugins.
Preloading 0 native plugins for Editor in 0.00 ms.
Mono: successfully reloaded assembly
- Completed reload, in  1.458 seconds
Platform modules already initialized, skipping
Refreshing native plugins compatible for Editor in 0.87 ms, found 0 plugins.
Preloading 0 native plugins for Editor in 0.00 ms.
Unloading 1132 Unused Serialized files (Serialized files now loaded: 0)
System memory in use before: 72.4 MB.
System memory in use after: 72.5 MB.

Unloading 5 unused Assets to reduce memory usage. Loaded Objects now: 1722.
Total: 4.027300 ms (FindLiveObjects: 0.281900 ms CreateObjectMapping: 0.081200 ms MarkObjects: 3.586800 ms  DeleteObjects: 0.074500 ms)

========================================================================
Received Prepare
Registering precompiled user dll's ...
Registered in 0.001077 seconds.
Begin MonoManager ReloadAssembly
Native extension for WindowsStandalone target not found
Refreshing native plugins compatible for Editor in 0.28 ms, found 0 plugins.
Preloading 0 native plugins for Editor in 0.00 ms.
Mono: successfully reloaded assembly
- Completed reload, in  1.285 seconds
Platform modules already initialized, skipping
Refreshing native plugins compatible for Editor in 0.46 ms, found 0 plugins.
Preloading 0 native plugins for Editor in 0.00 ms.
Unloading 1132 Unused Serialized files (Serialized files now loaded: 0)
System memory in use before: 72.4 MB.
System memory in use after: 72.5 MB.

Unloading 5 unused Assets to reduce memory usage. Loaded Objects now: 1725.
Total: 2.534500 ms (FindLiveObjects: 0.247800 ms CreateObjectMapping: 0.117900 ms MarkObjects: 2.086900 ms  DeleteObjects: 0.078800 ms)

========================================================================
Received Prepare
Registering precompiled user dll's ...
Registered in 0.001010 seconds.
Begin MonoManager ReloadAssembly
Native extension for WindowsStandalone target not found
Refreshing native plugins compatible for Editor in 0.28 ms, found 0 plugins.
Preloading 0 native plugins for Editor in 0.00 ms.
Mono: successfully reloaded assembly
- Completed reload, in  1.906 seconds
Platform modules already initialized, skipping
Refreshing native plugins compatible for Editor in 0.44 ms, found 0 plugins.
Preloading 0 native plugins for Editor in 0.00 ms.
Unloading 1132 Unused Serialized files (Serialized files now loaded: 0)
System memory in use before: 72.5 MB.
System memory in use after: 72.5 MB.

Unloading 5 unused Assets to reduce memory usage. Loaded Objects now: 1728.
Total: 3.411800 ms (FindLiveObjects: 0.185400 ms CreateObjectMapping: 0.056600 ms MarkObjects: 3.072300 ms  DeleteObjects: 0.094700 ms)

========================================================================
Received Prepare
Registering precompiled user dll's ...
Registered in 0.000988 seconds.
Begin MonoManager ReloadAssembly
Native extension for WindowsStandalone target not found
Refreshing native plugins compatible for Editor in 0.28 ms, found 0 plugins.
Preloading 0 native plugins for Editor in 0.00 ms.
Mono: successfully reloaded assembly
- Completed reload, in  1.219 seconds
Platform modules already initialized, skipping
Refreshing native plugins compatible for Editor in 0.47 ms, found 0 plugins.
Preloading 0 native plugins for Editor in 0.00 ms.
Unloading 1132 Unused Serialized files (Serialized files now loaded: 0)
System memory in use before: 72.5 MB.
System memory in use after: 72.5 MB.

Unloading 5 unused Assets to reduce memory usage. Loaded Objects now: 1731.
Total: 2.875700 ms (FindLiveObjects: 0.298900 ms CreateObjectMapping: 0.087100 ms MarkObjects: 2.383300 ms  DeleteObjects: 0.075400 ms)

========================================================================
Received Prepare
Registering precompiled user dll's ...
Registered in 0.001008 seconds.
Begin MonoManager ReloadAssembly
Native extension for WindowsStandalone target not found
Refreshing native plugins compatible for Editor in 0.45 ms, found 0 plugins.
Preloading 0 native plugins for Editor in 0.00 ms.
Mono: successfully reloaded assembly
- Completed reload, in  1.397 seconds
Platform modules already initialized, skipping
Refreshing native plugins compatible for Editor in 0.46 ms, found 0 plugins.
Preloading 0 native plugins for Editor in 0.00 ms.
Unloading 1132 Unused Serialized files (Serialized files now loaded: 0)
System memory in use before: 72.5 MB.
System memory in use after: 72.5 MB.

Unloading 5 unused Assets to reduce memory usage. Loaded Objects now: 1734.
Total: 2.335200 ms (FindLiveObjects: 0.318200 ms CreateObjectMapping: 0.072200 ms MarkObjects: 1.852700 ms  DeleteObjects: 0.089900 ms)

========================================================================
Received Prepare
Registering precompiled user dll's ...
Registered in 0.001305 seconds.
Begin MonoManager ReloadAssembly
Native extension for WindowsStandalone target not found
Refreshing native plugins compatible for Editor in 0.71 ms, found 0 plugins.
Preloading 0 native plugins for Editor in 0.00 ms.
Mono: successfully reloaded assembly
- Completed reload, in  1.444 seconds
Platform modules already initialized, skipping
Refreshing native plugins compatible for Editor in 0.43 ms, found 0 plugins.
Preloading 0 native plugins for Editor in 0.00 ms.
Unloading 1132 Unused Serialized files (Serialized files now loaded: 0)
System memory in use before: 72.5 MB.
System memory in use after: 72.5 MB.

Unloading 5 unused Assets to reduce memory usage. Loaded Objects now: 1737.
Total: 2.549100 ms (FindLiveObjects: 0.304300 ms CreateObjectMapping: 0.080500 ms MarkObjects: 2.086800 ms  DeleteObjects: 0.074600 ms)

========================================================================
Received Prepare
Registering precompiled user dll's ...
Registered in 0.001001 seconds.
Begin MonoManager ReloadAssembly
Native extension for WindowsStandalone target not found
Refreshing native plugins compatible for Editor in 0.31 ms, found 0 plugins.
Preloading 0 native plugins for Editor in 0.00 ms.
Mono: successfully reloaded assembly
- Completed reload, in  1.396 seconds
Platform modules already initialized, skipping
Refreshing native plugins compatible for Editor in 0.53 ms, found 0 plugins.
Preloading 0 native plugins for Editor in 0.00 ms.
Unloading 1132 Unused Serialized files (Serialized files now loaded: 0)
System memory in use before: 72.5 MB.
System memory in use after: 72.6 MB.

Unloading 5 unused Assets to reduce memory usage. Loaded Objects now: 1740.
Total: 2.425200 ms (FindLiveObjects: 0.319000 ms CreateObjectMapping: 0.072100 ms MarkObjects: 1.952100 ms  DeleteObjects: 0.079300 ms)

========================================================================
Received Prepare
Registering precompiled user dll's ...
Registered in 0.001015 seconds.
Begin MonoManager ReloadAssembly
Native extension for WindowsStandalone target not found
Refreshing native plugins compatible for Editor in 0.45 ms, found 0 plugins.
Preloading 0 native plugins for Editor in 0.00 ms.
Mono: successfully reloaded assembly
- Completed reload, in  1.312 seconds
Platform modules already initialized, skipping
Refreshing native plugins compatible for Editor in 0.43 ms, found 0 plugins.
Preloading 0 native plugins for Editor in 0.01 ms.
Unloading 1132 Unused Serialized files (Serialized files now loaded: 0)
System memory in use before: 72.5 MB.
System memory in use after: 72.6 MB.

Unloading 5 unused Assets to reduce memory usage. Loaded Objects now: 1743.
Total: 2.310000 ms (FindLiveObjects: 0.177800 ms CreateObjectMapping: 0.056600 ms MarkObjects: 1.974900 ms  DeleteObjects: 0.098000 ms)

========================================================================
Received Prepare
Registering precompiled user dll's ...
Registered in 0.001022 seconds.
Begin MonoManager ReloadAssembly
Native extension for WindowsStandalone target not found
Refreshing native plugins compatible for Editor in 0.54 ms, found 0 plugins.
Preloading 0 native plugins for Editor in 0.00 ms.
Mono: successfully reloaded assembly
- Completed reload, in  1.868 seconds
Platform modules already initialized, skipping
Refreshing native plugins compatible for Editor in 0.46 ms, found 0 plugins.
Preloading 0 native plugins for Editor in 0.00 ms.
Unloading 1132 Unused Serialized files (Serialized files now loaded: 0)
System memory in use before: 72.5 MB.
System memory in use after: 72.6 MB.

Unloading 5 unused Assets to reduce memory usage. Loaded Objects now: 1746.
Total: 3.213700 ms (FindLiveObjects: 0.282500 ms CreateObjectMapping: 0.069200 ms MarkObjects: 2.760600 ms  DeleteObjects: 0.098500 ms)

========================================================================
Received Prepare
Registering precompiled user dll's ...
Registered in 0.001016 seconds.
Begin MonoManager ReloadAssembly
Native extension for WindowsStandalone target not found
Refreshing native plugins compatible for Editor in 0.44 ms, found 0 plugins.
Preloading 0 native plugins for Editor in 0.00 ms.
Mono: successfully reloaded assembly
- Completed reload, in  1.385 seconds
Platform modules already initialized, skipping
Refreshing native plugins compatible for Editor in 0.43 ms, found 0 plugins.
Preloading 0 native plugins for Editor in 0.00 ms.
Unloading 1132 Unused Serialized files (Serialized files now loaded: 0)
System memory in use before: 72.5 MB.
System memory in use after: 72.6 MB.

Unloading 5 unused Assets to reduce memory usage. Loaded Objects now: 1749.
Total: 2.357700 ms (FindLiveObjects: 0.269200 ms CreateObjectMapping: 0.060900 ms MarkObjects: 1.948300 ms  DeleteObjects: 0.076500 ms)

========================================================================
Received Prepare
Registering precompiled user dll's ...
Registered in 0.001004 seconds.
Begin MonoManager ReloadAssembly
Native extension for WindowsStandalone target not found
Refreshing native plugins compatible for Editor in 0.28 ms, found 0 plugins.
Preloading 0 native plugins for Editor in 0.00 ms.
Mono: successfully reloaded assembly
- Completed reload, in  1.325 seconds
Platform modules already initialized, skipping
Refreshing native plugins compatible for Editor in 0.43 ms, found 0 plugins.
Preloading 0 native plugins for Editor in 0.00 ms.
Unloading 1132 Unused Serialized files (Serialized files now loaded: 0)
System memory in use before: 72.5 MB.
System memory in use after: 72.6 MB.

Unloading 5 unused Assets to reduce memory usage. Loaded Objects now: 1752.
Total: 2.497600 ms (FindLiveObjects: 0.292000 ms CreateObjectMapping: 0.072500 ms MarkObjects: 2.042000 ms  DeleteObjects: 0.089000 ms)

========================================================================
Received Prepare
Registering precompiled user dll's ...
Registered in 0.001016 seconds.
Begin MonoManager ReloadAssembly
Native extension for WindowsStandalone target not found
Refreshing native plugins compatible for Editor in 0.51 ms, found 0 plugins.
Preloading 0 native plugins for Editor in 0.00 ms.
Mono: successfully reloaded assembly
- Completed reload, in  1.472 seconds
Platform modules already initialized, skipping
Refreshing native plugins compatible for Editor in 0.46 ms, found 0 plugins.
Preloading 0 native plugins for Editor in 0.00 ms.
Unloading 1132 Unused Serialized files (Serialized files now loaded: 0)
System memory in use before: 72.5 MB.
System memory in use after: 72.6 MB.

Unloading 5 unused Assets to reduce memory usage. Loaded Objects now: 1755.
Total: 2.282400 ms (FindLiveObjects: 0.189900 ms CreateObjectMapping: 0.063400 ms MarkObjects: 1.950000 ms  DeleteObjects: 0.076800 ms)

========================================================================
Received Prepare
Registering precompiled user dll's ...
Registered in 0.001691 seconds.
Begin MonoManager ReloadAssembly
Native extension for WindowsStandalone target not found
Refreshing native plugins compatible for Editor in 0.28 ms, found 0 plugins.
Preloading 0 native plugins for Editor in 0.00 ms.
Mono: successfully reloaded assembly
- Completed reload, in  1.216 seconds
Platform modules already initialized, skipping
Refreshing native plugins compatible for Editor in 0.44 ms, found 0 plugins.
Preloading 0 native plugins for Editor in 0.00 ms.
Unloading 1132 Unused Serialized files (Serialized files now loaded: 0)
System memory in use before: 72.5 MB.
System memory in use after: 72.6 MB.

Unloading 5 unused Assets to reduce memory usage. Loaded Objects now: 1758.
Total: 2.513100 ms (FindLiveObjects: 0.199800 ms CreateObjectMapping: 0.060300 ms MarkObjects: 2.155100 ms  DeleteObjects: 0.095100 ms)

========================================================================
Received Prepare
Registering precompiled user dll's ...
Registered in 0.004317 seconds.
Begin MonoManager ReloadAssembly
Native extension for WindowsStandalone target not found
Refreshing native plugins compatible for Editor in 0.45 ms, found 0 plugins.
Preloading 0 native plugins for Editor in 0.00 ms.
Mono: successfully reloaded assembly
- Completed reload, in  1.510 seconds
Platform modules already initialized, skipping
Refreshing native plugins compatible for Editor in 0.46 ms, found 0 plugins.
Preloading 0 native plugins for Editor in 0.00 ms.
Unloading 1132 Unused Serialized files (Serialized files now loaded: 0)
System memory in use before: 72.5 MB.
System memory in use after: 72.6 MB.

Unloading 5 unused Assets to reduce memory usage. Loaded Objects now: 1761.
Total: 2.307400 ms (FindLiveObjects: 0.224200 ms CreateObjectMapping: 0.059600 ms MarkObjects: 1.947100 ms  DeleteObjects: 0.074300 ms)

========================================================================
Received Prepare
Registering precompiled user dll's ...
Registered in 0.001408 seconds.
Begin MonoManager ReloadAssembly
Native extension for WindowsStandalone target not found
Refreshing native plugins compatible for Editor in 0.29 ms, found 0 plugins.
Preloading 0 native plugins for Editor in 0.00 ms.
Mono: successfully reloaded assembly
- Completed reload, in  1.418 seconds
Platform modules already initialized, skipping
Refreshing native plugins compatible for Editor in 0.55 ms, found 0 plugins.
Preloading 0 native plugins for Editor in 0.00 ms.
Unloading 1132 Unused Serialized files (Serialized files now loaded: 0)
System memory in use before: 72.5 MB.
System memory in use after: 72.6 MB.

Unloading 5 unused Assets to reduce memory usage. Loaded Objects now: 1764.
Total: 3.336900 ms (FindLiveObjects: 0.286800 ms CreateObjectMapping: 0.071400 ms MarkObjects: 2.884000 ms  DeleteObjects: 0.092300 ms)

========================================================================
Received Prepare
Registering precompiled user dll's ...
Registered in 0.001349 seconds.
Begin MonoManager ReloadAssembly
Native extension for WindowsStandalone target not found
Refreshing native plugins compatible for Editor in 0.28 ms, found 0 plugins.
Preloading 0 native plugins for Editor in 0.00 ms.
Mono: successfully reloaded assembly
- Completed reload, in  1.259 seconds
Platform modules already initialized, skipping
Refreshing native plugins compatible for Editor in 0.49 ms, found 0 plugins.
Preloading 0 native plugins for Editor in 0.00 ms.
Unloading 1132 Unused Serialized files (Serialized files now loaded: 0)
System memory in use before: 72.5 MB.
System memory in use after: 72.6 MB.

Unloading 5 unused Assets to reduce memory usage. Loaded Objects now: 1767.
Total: 2.630200 ms (FindLiveObjects: 0.294200 ms CreateObjectMapping: 0.121500 ms MarkObjects: 2.137900 ms  DeleteObjects: 0.074700 ms)

========================================================================
Received Prepare
Registering precompiled user dll's ...
Registered in 0.001380 seconds.
Begin MonoManager ReloadAssembly
Native extension for WindowsStandalone target not found
Refreshing native plugins compatible for Editor in 0.32 ms, found 0 plugins.
Preloading 0 native plugins for Editor in 0.00 ms.
Mono: successfully reloaded assembly
- Completed reload, in  1.345 seconds
Platform modules already initialized, skipping
Refreshing native plugins compatible for Editor in 0.52 ms, found 0 plugins.
Preloading 0 native plugins for Editor in 0.00 ms.
Unloading 1132 Unused Serialized files (Serialized files now loaded: 0)
System memory in use before: 72.5 MB.
System memory in use after: 72.6 MB.

Unloading 5 unused Assets to reduce memory usage. Loaded Objects now: 1770.
Total: 2.588800 ms (FindLiveObjects: 0.265600 ms CreateObjectMapping: 0.115100 ms MarkObjects: 2.126000 ms  DeleteObjects: 0.079900 ms)

========================================================================
Received Prepare
Registering precompiled user dll's ...
Registered in 0.001028 seconds.
Begin MonoManager ReloadAssembly
Native extension for WindowsStandalone target not found
Refreshing native plugins compatible for Editor in 0.53 ms, found 0 plugins.
Preloading 0 native plugins for Editor in 0.00 ms.
Mono: successfully reloaded assembly
- Completed reload, in  1.395 seconds
Platform modules already initialized, skipping
Refreshing native plugins compatible for Editor in 0.95 ms, found 0 plugins.
Preloading 0 native plugins for Editor in 0.00 ms.
Unloading 1132 Unused Serialized files (Serialized files now loaded: 0)
System memory in use before: 72.5 MB.
System memory in use after: 72.6 MB.

Unloading 5 unused Assets to reduce memory usage. Loaded Objects now: 1773.
Total: 3.854900 ms (FindLiveObjects: 0.441700 ms CreateObjectMapping: 0.163600 ms MarkObjects: 3.150000 ms  DeleteObjects: 0.096200 ms)

