Using pre-set license
Built from '2020.3/staging' branch; Version is '2020.3.5f1 (8095aa901b9b) revision 8426922'; Using compiler version '192528614'; Build Type 'Release'
OS: 'Windows 10 Home Single Language; OS build 19042.1165; Version 2009; 64bit' Language: 'en' Physical Memory: 4002 MB
BatchMode: 1, IsHumanControllingUs: 0, StartBugReporterOnCrash: 0, Is64bit: 1, IsPro: 0

 COMMAND LINE ARGUMENTS:
C:\Program Files\Unity\Hub\Editor\2020.3.5f1\Editor\Unity.exe
-adb2
-batchMode
-noUpm
-name
AssetImportWorker0
-projectPath
C:/Users/GachaBless/Documents/GitHub/YeehawVR
-logFile
Logs/AssetImportWorker0.log
-srvPort
50121
Successfully changed project path to: C:/Users/GachaBless/Documents/GitHub/YeehawVR
C:/Users/GachaBless/Documents/GitHub/YeehawVR
Using Asset Import Pipeline V2.
Refreshing native plugins compatible for Editor in 48.31 ms, found 0 plugins.
Preloading 0 native plugins for Editor in 0.00 ms.
Initialize engine version: 2020.3.5f1 (8095aa901b9b)
[Subsystems] Discovering subsystems at path C:/Program Files/Unity/Hub/Editor/2020.3.5f1/Editor/Data/Resources/UnitySubsystems
[Subsystems] Discovering subsystems at path C:/Users/GachaBless/Documents/GitHub/YeehawVR/Assets
GfxDevice: creating device client; threaded=0
Direct3D:
    Version:  Direct3D 11.0 [level 11.0]
    Renderer: Intel(R) HD Graphics 4000 (ID=0x166)
    Vendor:   
    VRAM:     128 MB
    Driver:   10.18.10.5129
Initialize mono
Mono path[0] = 'C:/Program Files/Unity/Hub/Editor/2020.3.5f1/Editor/Data/Managed'
Mono path[1] = 'C:/Program Files/Unity/Hub/Editor/2020.3.5f1/Editor/Data/MonoBleedingEdge/lib/mono/unityjit'
Mono config path = 'C:/Program Files/Unity/Hub/Editor/2020.3.5f1/Editor/Data/MonoBleedingEdge/etc'
Using monoOptions --debugger-agent=transport=dt_socket,embedding=1,server=y,suspend=n,address=127.0.0.1:56000
Begin MonoManager ReloadAssembly
Registering precompiled unity dll's ...
Register platform support module: C:/Program Files/Unity/Hub/Editor/2020.3.5f1/Editor/Data/PlaybackEngines/WindowsStandaloneSupport/UnityEditor.WindowsStandalone.Extensions.dll
Registered in 0.013020 seconds.
Native extension for WindowsStandalone target not found
Refreshing native plugins compatible for Editor in 40.58 ms, found 0 plugins.
Preloading 0 native plugins for Editor in 0.00 ms.
Mono: successfully reloaded assembly
- Completed reload, in  8.969 seconds
Platform modules already initialized, skipping
Registering precompiled user dll's ...
Registered in 0.003366 seconds.
Begin MonoManager ReloadAssembly
Native extension for WindowsStandalone target not found
Refreshing native plugins compatible for Editor in 0.39 ms, found 0 plugins.
Preloading 0 native plugins for Editor in 0.00 ms.
Mono: successfully reloaded assembly
- Completed reload, in  1.402 seconds
Platform modules already initialized, skipping
========================================================================
Worker process is ready to serve import requests
Launched and connected shader compiler UnityShaderCompiler.exe after 0.07 seconds
Refreshing native plugins compatible for Editor in 0.39 ms, found 0 plugins.
Preloading 0 native plugins for Editor in 0.00 ms.
Unloading 1137 Unused Serialized files (Serialized files now loaded: 0)
System memory in use before: 67.8 MB.
System memory in use after: 67.8 MB.

Unloading 10 unused Assets to reduce memory usage. Loaded Objects now: 1579.
Total: 2.561200 ms (FindLiveObjects: 0.175100 ms CreateObjectMapping: 0.071800 ms MarkObjects: 2.190600 ms  DeleteObjects: 0.120800 ms)

========================================================================
Received Import Request.
  path: Assets/YawVR/Scenes
  artifactKey: Guid(effc09aaaea0305408ac7b788434ceb3) Importer(815301076,1909f56bfc062723c751e8b465ee728b)
Start importing Assets/YawVR/Scenes using Guid(effc09aaaea0305408ac7b788434ceb3) Importer(815301076,1909f56bfc062723c751e8b465ee728b)  -> (artifact id: 'dce21e74d3a34069661d4f43d199e6e0') in 0.014346 seconds
  Import took 0.018774 seconds .

========================================================================
Received Import Request.
  Time since last request: 0.000383 seconds.
  path: Assets/YawVR/Scenes/YawScene.unity
  artifactKey: Guid(143a89d5bc12e8749a8fd583a825664d) Importer(815301076,1909f56bfc062723c751e8b465ee728b)
Start importing Assets/YawVR/Scenes/YawScene.unity using Guid(143a89d5bc12e8749a8fd583a825664d) Importer(815301076,1909f56bfc062723c751e8b465ee728b)  -> (artifact id: 'e5ac3ee62ee35c98624d4f104488d3d3') in 0.031363 seconds
  Import took 0.036630 seconds .

========================================================================
Received Import Request.
  Time since last request: 0.000434 seconds.
  path: Assets/YawVR
  artifactKey: Guid(345c0c8995e30456780cbebd928e6a69) Importer(815301076,1909f56bfc062723c751e8b465ee728b)
Start importing Assets/YawVR using Guid(345c0c8995e30456780cbebd928e6a69) Importer(815301076,1909f56bfc062723c751e8b465ee728b)  -> (artifact id: '25ba0617843b3fc72f019e2d05d5d373') in 0.013890 seconds
  Import took 0.018881 seconds .

========================================================================
Received Prepare
Registering precompiled user dll's ...
Registered in 0.001430 seconds.
Begin MonoManager ReloadAssembly
Native extension for WindowsStandalone target not found
Refreshing native plugins compatible for Editor in 0.27 ms, found 0 plugins.
Preloading 0 native plugins for Editor in 0.00 ms.
Mono: successfully reloaded assembly
- Completed reload, in  1.225 seconds
Platform modules already initialized, skipping
Refreshing native plugins compatible for Editor in 0.41 ms, found 0 plugins.
Preloading 0 native plugins for Editor in 0.00 ms.
Unloading 1132 Unused Serialized files (Serialized files now loaded: 0)
System memory in use before: 67.7 MB.
System memory in use after: 67.8 MB.

Unloading 5 unused Assets to reduce memory usage. Loaded Objects now: 1582.
Total: 2.029600 ms (FindLiveObjects: 0.162100 ms CreateObjectMapping: 0.057500 ms MarkObjects: 1.723300 ms  DeleteObjects: 0.084800 ms)

========================================================================
Received Prepare
Registering precompiled user dll's ...
Registered in 0.001187 seconds.
Begin MonoManager ReloadAssembly
Native extension for WindowsStandalone target not found
Refreshing native plugins compatible for Editor in 0.27 ms, found 0 plugins.
Preloading 0 native plugins for Editor in 0.00 ms.
Mono: successfully reloaded assembly
- Completed reload, in  1.217 seconds
Platform modules already initialized, skipping
Refreshing native plugins compatible for Editor in 0.44 ms, found 0 plugins.
Preloading 0 native plugins for Editor in 0.00 ms.
Unloading 1132 Unused Serialized files (Serialized files now loaded: 0)
System memory in use before: 67.8 MB.
System memory in use after: 67.8 MB.

Unloading 5 unused Assets to reduce memory usage. Loaded Objects now: 1585.
Total: 4.464600 ms (FindLiveObjects: 0.161800 ms CreateObjectMapping: 0.068600 ms MarkObjects: 4.134800 ms  DeleteObjects: 0.096700 ms)

========================================================================
Received Import Request.
  Time since last request: 333.408740 seconds.
  path: Assets/YawVR/Scripts/YawController.cs
  artifactKey: Guid(2b4ecc6f41201415e93de795aeef9160) Importer(815301076,1909f56bfc062723c751e8b465ee728b)
Start importing Assets/YawVR/Scripts/YawController.cs using Guid(2b4ecc6f41201415e93de795aeef9160) Importer(815301076,1909f56bfc062723c751e8b465ee728b)  -> (artifact id: '4aa6869ecaa2bfea308f549778a36c66') in 0.062545 seconds
  Import took 0.066517 seconds .

========================================================================
Received Import Request.
  Time since last request: 0.011792 seconds.
  path: Assets/YawVR/Scripts/YawController.cs
  artifactKey: Guid(2b4ecc6f41201415e93de795aeef9160) Importer(815301076,1909f56bfc062723c751e8b465ee728b)
Start importing Assets/YawVR/Scripts/YawController.cs using Guid(2b4ecc6f41201415e93de795aeef9160) Importer(815301076,1909f56bfc062723c751e8b465ee728b)  -> (artifact id: '4aa6869ecaa2bfea308f549778a36c66') in 0.005116 seconds
  Import took 0.009224 seconds .

========================================================================
Received Prepare
Registering precompiled user dll's ...
Registered in 0.003019 seconds.
Begin MonoManager ReloadAssembly
Native extension for WindowsStandalone target not found
Refreshing native plugins compatible for Editor in 0.27 ms, found 0 plugins.
Preloading 0 native plugins for Editor in 0.00 ms.
Mono: successfully reloaded assembly
- Completed reload, in  1.276 seconds
Platform modules already initialized, skipping
Refreshing native plugins compatible for Editor in 0.44 ms, found 0 plugins.
Preloading 0 native plugins for Editor in 0.00 ms.
Unloading 1132 Unused Serialized files (Serialized files now loaded: 0)
System memory in use before: 67.8 MB.
System memory in use after: 67.9 MB.

Unloading 5 unused Assets to reduce memory usage. Loaded Objects now: 1588.
Total: 2.635700 ms (FindLiveObjects: 0.191900 ms CreateObjectMapping: 0.058300 ms MarkObjects: 2.309400 ms  DeleteObjects: 0.072800 ms)

AssetImportWorkerClient::OnTransportError - code=2 error=End of file
